<?xml version="1.0" encoding="UTF-8"?>
<coverage generated="1742511373287" clover="3.2.0">
  <project timestamp="1742511373288" name="All files">
    <metrics statements="142" coveredstatements="114" conditionals="103" coveredconditionals="69" methods="21" coveredmethods="19" elements="266" coveredelements="202" complexity="0" loc="142" ncloc="142" packages="1" files="2" classes="2"/>
    <file name="constants.ts" path="/Users/mac/Downloads/fse-hiring-assessment/full-stack/web/src/util/constants.ts">
      <metrics statements="13" coveredstatements="13" conditionals="4" coveredconditionals="4" methods="2" coveredmethods="2"/>
      <line num="5" count="1" type="stmt"/>
      <line num="7" count="1" type="stmt"/>
      <line num="9" count="1" type="stmt"/>
      <line num="16" count="1" type="cond" truecount="2" falsecount="0"/>
      <line num="17" count="1" type="stmt"/>
      <line num="18" count="1" type="stmt"/>
      <line num="19" count="1" type="stmt"/>
      <line num="20" count="1" type="stmt"/>
      <line num="23" count="1" type="cond" truecount="2" falsecount="0"/>
      <line num="24" count="1" type="stmt"/>
      <line num="25" count="1" type="stmt"/>
      <line num="26" count="1" type="stmt"/>
      <line num="27" count="1" type="stmt"/>
    </file>
    <file name="helpers.ts" path="/Users/mac/Downloads/fse-hiring-assessment/full-stack/web/src/util/helpers.ts">
      <metrics statements="129" coveredstatements="101" conditionals="99" coveredconditionals="65" methods="19" coveredmethods="17"/>
      <line num="2" count="1" type="stmt"/>
      <line num="7" count="1" type="stmt"/>
      <line num="9" count="5" type="cond" truecount="1" falsecount="0"/>
      <line num="11" count="4" type="cond" truecount="1" falsecount="0"/>
      <line num="13" count="3" type="cond" truecount="1" falsecount="0"/>
      <line num="15" count="2" type="cond" truecount="1" falsecount="0"/>
      <line num="17" count="1" type="stmt"/>
      <line num="21" count="1" type="stmt"/>
      <line num="23" count="2" type="cond" truecount="3" falsecount="0"/>
      <line num="24" count="1" type="stmt"/>
      <line num="25" count="1" type="stmt"/>
      <line num="28" count="1" type="stmt"/>
      <line num="46" count="1" type="stmt"/>
      <line num="48" count="3" type="cond" truecount="5" falsecount="0"/>
      <line num="49" count="1" type="stmt"/>
      <line num="50" count="1" type="stmt"/>
      <line num="53" count="2" type="cond" truecount="2" falsecount="0"/>
      <line num="63" count="2" type="stmt"/>
      <line num="67" count="1" type="stmt"/>
      <line num="72" count="4" type="stmt"/>
      <line num="74" count="4" type="stmt"/>
      <line num="76" count="4" type="stmt"/>
      <line num="80" count="1" type="stmt"/>
      <line num="86" count="4" type="stmt"/>
      <line num="89" count="4" type="stmt"/>
      <line num="91" count="4" type="stmt"/>
      <line num="98" count="1" type="stmt"/>
      <line num="100" count="3" type="cond" truecount="1" falsecount="0"/>
      <line num="101" count="1" type="stmt"/>
      <line num="103" count="1" type="stmt"/>
      <line num="106" count="2" type="stmt"/>
      <line num="108" count="2" type="cond" truecount="1" falsecount="0"/>
      <line num="109" count="1" type="stmt"/>
      <line num="111" count="1" type="stmt"/>
      <line num="114" count="1" type="stmt"/>
      <line num="115" count="1" type="stmt"/>
      <line num="116" count="1" type="stmt"/>
      <line num="118" count="1" type="stmt"/>
      <line num="121" count="1" type="stmt"/>
      <line num="123" count="3" type="cond" truecount="0" falsecount="1"/>
      <line num="124" count="3" type="cond" truecount="0" falsecount="1"/>
      <line num="126" count="3" type="cond" truecount="1" falsecount="0"/>
      <line num="128" count="2" type="cond" truecount="1" falsecount="0"/>
      <line num="130" count="1" type="stmt"/>
      <line num="134" count="1" type="stmt"/>
      <line num="136" count="4" type="stmt"/>
      <line num="138" count="4" type="cond" truecount="0" falsecount="1"/>
      <line num="140" count="4" type="cond" truecount="1" falsecount="0"/>
      <line num="142" count="3" type="cond" truecount="1" falsecount="0"/>
      <line num="144" count="2" type="cond" truecount="1" falsecount="0"/>
      <line num="146" count="1" type="stmt"/>
      <line num="149" count="1" type="stmt"/>
      <line num="151" count="2" type="stmt"/>
      <line num="153" count="2" type="cond" truecount="1" falsecount="0"/>
      <line num="155" count="1" type="stmt"/>
      <line num="159" count="0" type="stmt"/>
      <line num="160" count="0" type="stmt"/>
      <line num="161" count="0" type="cond" truecount="0" falsecount="1"/>
      <line num="164" count="1" type="stmt"/>
      <line num="165" count="0" type="stmt"/>
      <line num="166" count="0" type="stmt"/>
      <line num="168" count="0" type="stmt"/>
      <line num="180" count="1" type="stmt"/>
      <line num="181" count="4" type="cond" truecount="1" falsecount="0"/>
      <line num="183" count="3" type="cond" truecount="1" falsecount="0"/>
      <line num="185" count="1" type="cond" truecount="0" falsecount="1"/>
      <line num="187" count="1" type="stmt"/>
      <line num="196" count="1" type="stmt"/>
      <line num="197" count="4" type="cond" truecount="1" falsecount="0"/>
      <line num="199" count="3" type="cond" truecount="1" falsecount="0"/>
      <line num="201" count="1" type="cond" truecount="0" falsecount="1"/>
      <line num="203" count="1" type="stmt"/>
      <line num="206" count="1" type="stmt"/>
      <line num="208" count="3" type="cond" truecount="0" falsecount="1"/>
      <line num="211" count="3" type="stmt"/>
      <line num="214" count="3" type="cond" truecount="1" falsecount="0"/>
      <line num="215" count="1" type="stmt"/>
      <line num="219" count="2" type="stmt"/>
      <line num="222" count="2" type="cond" truecount="1" falsecount="0"/>
      <line num="224" count="1" type="stmt"/>
      <line num="231" count="1" type="stmt"/>
      <line num="235" count="1" type="cond" truecount="2" falsecount="1"/>
      <line num="236" count="0" type="stmt"/>
      <line num="239" count="1" type="stmt"/>
      <line num="240" count="1" type="stmt"/>
      <line num="247" count="1" type="stmt"/>
      <line num="248" count="1" type="stmt"/>
      <line num="250" count="1" type="stmt"/>
      <line num="251" count="1" type="stmt"/>
      <line num="253" count="1" type="cond" truecount="1" falsecount="0"/>
      <line num="254" count="1" type="stmt"/>
      <line num="262" count="0" type="stmt"/>
      <line num="263" count="0" type="stmt"/>
      <line num="265" count="0" type="cond" truecount="0" falsecount="3"/>
      <line num="266" count="0" type="stmt"/>
      <line num="269" count="0" type="cond" truecount="0" falsecount="1"/>
      <line num="270" count="0" type="stmt"/>
      <line num="273" count="0" type="stmt"/>
      <line num="281" count="1" type="stmt"/>
      <line num="282" count="2" type="cond" truecount="1" falsecount="0"/>
      <line num="283" count="1" type="stmt"/>
      <line num="284" count="1" type="stmt"/>
      <line num="287" count="1" type="cond" truecount="0" falsecount="1"/>
      <line num="288" count="0" type="stmt"/>
      <line num="289" count="0" type="stmt"/>
      <line num="292" count="1" type="cond" truecount="0" falsecount="1"/>
      <line num="293" count="0" type="stmt"/>
      <line num="294" count="0" type="stmt"/>
      <line num="297" count="1" type="cond" truecount="0" falsecount="1"/>
      <line num="298" count="0" type="stmt"/>
      <line num="299" count="0" type="stmt"/>
      <line num="302" count="1" type="cond" truecount="0" falsecount="1"/>
      <line num="303" count="0" type="stmt"/>
      <line num="304" count="0" type="stmt"/>
      <line num="307" count="1" type="stmt"/>
      <line num="315" count="1" type="stmt"/>
      <line num="316" count="2" type="cond" truecount="2" falsecount="1"/>
      <line num="317" count="0" type="stmt"/>
      <line num="318" count="0" type="stmt"/>
      <line num="321" count="2" type="cond" truecount="0" falsecount="1"/>
      <line num="322" count="0" type="stmt"/>
      <line num="323" count="0" type="stmt"/>
      <line num="326" count="2" type="cond" truecount="1" falsecount="0"/>
      <line num="327" count="1" type="stmt"/>
      <line num="328" count="1" type="stmt"/>
      <line num="331" count="1" type="cond" truecount="0" falsecount="1"/>
      <line num="332" count="0" type="stmt"/>
      <line num="333" count="0" type="stmt"/>
      <line num="336" count="1" type="stmt"/>
    </file>
  </project>
</coverage>
