{"/Users/mac/Downloads/fse-hiring-assessment/full-stack/web/src/util/constants.ts": {"path":"/Users/mac/Downloads/fse-hiring-assessment/full-stack/web/src/util/constants.ts","statementMap":{"0":{"start":{"line":5,"column":13},"end":{"line":5,"column":null}},"1":{"start":{"line":7,"column":13},"end":{"line":7,"column":null}},"2":{"start":{"line":9,"column":13},"end":{"line":9,"column":162}},"3":{"start":{"line":16,"column":0},"end":{"line":16,"column":null}},"4":{"start":{"line":17,"column":4},"end":{"line":17,"column":null}},"5":{"start":{"line":18,"column":4},"end":{"line":18,"column":null}},"6":{"start":{"line":19,"column":4},"end":{"line":19,"column":null}},"7":{"start":{"line":20,"column":4},"end":{"line":20,"column":null}},"8":{"start":{"line":23,"column":0},"end":{"line":23,"column":null}},"9":{"start":{"line":24,"column":4},"end":{"line":24,"column":null}},"10":{"start":{"line":25,"column":4},"end":{"line":25,"column":null}},"11":{"start":{"line":26,"column":4},"end":{"line":26,"column":null}},"12":{"start":{"line":27,"column":4},"end":{"line":27,"column":null}}},"fnMap":{"0":{"name":"(anonymous_0)","decl":{"start":{"line":16,"column":0},"end":{"line":16,"column":12}},"loc":{"start":{"line":16,"column":30},"end":{"line":21,"column":1}}},"1":{"name":"(anonymous_1)","decl":{"start":{"line":23,"column":0},"end":{"line":23,"column":12}},"loc":{"start":{"line":23,"column":32},"end":{"line":28,"column":1}}}},"branchMap":{"0":{"loc":{"start":{"line":16,"column":12},"end":{"line":16,"column":null}},"type":"binary-expr","locations":[{"start":{"line":16,"column":12},"end":{"line":16,"column":30}},{"start":{"line":16,"column":30},"end":{"line":16,"column":null}}]},"1":{"loc":{"start":{"line":23,"column":12},"end":{"line":23,"column":null}},"type":"binary-expr","locations":[{"start":{"line":23,"column":12},"end":{"line":23,"column":32}},{"start":{"line":23,"column":32},"end":{"line":23,"column":null}}]}},"s":{"0":1,"1":1,"2":1,"3":1,"4":1,"5":1,"6":1,"7":1,"8":1,"9":1,"10":1,"11":1,"12":1},"f":{"0":1,"1":1},"b":{"0":[1,1],"1":[1,1]}}
,"/Users/mac/Downloads/fse-hiring-assessment/full-stack/web/src/util/helpers.ts": {"path":"/Users/mac/Downloads/fse-hiring-assessment/full-stack/web/src/util/helpers.ts","statementMap":{"0":{"start":{"line":67,"column":0},"end":{"line":67,"column":16}},"1":{"start":{"line":80,"column":0},"end":{"line":80,"column":16}},"2":{"start":{"line":98,"column":0},"end":{"line":98,"column":16}},"3":{"start":{"line":121,"column":0},"end":{"line":121,"column":16}},"4":{"start":{"line":134,"column":0},"end":{"line":134,"column":16}},"5":{"start":{"line":149,"column":0},"end":{"line":149,"column":16}},"6":{"start":{"line":164,"column":0},"end":{"line":164,"column":16}},"7":{"start":{"line":2,"column":0},"end":{"line":2,"column":82}},"8":{"start":{"line":7,"column":28},"end":{"line":18,"column":1}},"9":{"start":{"line":9,"column":4},"end":{"line":9,"column":null}},"10":{"start":{"line":9,"column":46},"end":{"line":9,"column":null}},"11":{"start":{"line":11,"column":4},"end":{"line":11,"column":null}},"12":{"start":{"line":11,"column":48},"end":{"line":11,"column":null}},"13":{"start":{"line":13,"column":4},"end":{"line":13,"column":null}},"14":{"start":{"line":13,"column":44},"end":{"line":13,"column":null}},"15":{"start":{"line":15,"column":4},"end":{"line":15,"column":null}},"16":{"start":{"line":15,"column":48},"end":{"line":15,"column":null}},"17":{"start":{"line":17,"column":4},"end":{"line":17,"column":null}},"18":{"start":{"line":7,"column":13},"end":{"line":7,"column":28}},"19":{"start":{"line":21,"column":28},"end":{"line":29,"column":1}},"20":{"start":{"line":23,"column":4},"end":{"line":26,"column":5}},"21":{"start":{"line":24,"column":8},"end":{"line":24,"column":54}},"22":{"start":{"line":25,"column":8},"end":{"line":25,"column":20}},"23":{"start":{"line":28,"column":4},"end":{"line":28,"column":null}},"24":{"start":{"line":21,"column":13},"end":{"line":21,"column":28}},"25":{"start":{"line":46,"column":37},"end":{"line":64,"column":1}},"26":{"start":{"line":48,"column":4},"end":{"line":51,"column":5}},"27":{"start":{"line":48,"column":41},"end":{"line":48,"column":65}},"28":{"start":{"line":49,"column":8},"end":{"line":49,"column":58}},"29":{"start":{"line":50,"column":8},"end":{"line":50,"column":20}},"30":{"start":{"line":53,"column":32},"end":{"line":61,"column":7}},"31":{"start":{"line":53,"column":72},"end":{"line":61,"column":6}},"32":{"start":{"line":63,"column":4},"end":{"line":63,"column":null}},"33":{"start":{"line":46,"column":13},"end":{"line":46,"column":37}},"34":{"start":{"line":72,"column":24},"end":{"line":72,"column":34}},"35":{"start":{"line":74,"column":27},"end":{"line":74,"column":57}},"36":{"start":{"line":76,"column":4},"end":{"line":76,"column":50}},"37":{"start":{"line":86,"column":24},"end":{"line":86,"column":34}},"38":{"start":{"line":89,"column":8},"end":{"line":89,"column":109}},"39":{"start":{"line":91,"column":4},"end":{"line":91,"column":52}},"40":{"start":{"line":100,"column":4},"end":{"line":104,"column":5}},"41":{"start":{"line":101,"column":8},"end":{"line":101,"column":45}},"42":{"start":{"line":103,"column":8},"end":{"line":103,"column":null}},"43":{"start":{"line":106,"column":20},"end":{"line":106,"column":37}},"44":{"start":{"line":108,"column":4},"end":{"line":112,"column":5}},"45":{"start":{"line":109,"column":8},"end":{"line":109,"column":45}},"46":{"start":{"line":111,"column":8},"end":{"line":111,"column":null}},"47":{"start":{"line":114,"column":16},"end":{"line":114,"column":58}},"48":{"start":{"line":115,"column":18},"end":{"line":115,"column":70}},"49":{"start":{"line":116,"column":17},"end":{"line":116,"column":38}},"50":{"start":{"line":118,"column":4},"end":{"line":118,"column":37}},"51":{"start":{"line":123,"column":4},"end":{"line":123,"column":null}},"52":{"start":{"line":123,"column":21},"end":{"line":123,"column":null}},"53":{"start":{"line":124,"column":4},"end":{"line":124,"column":27}},"54":{"start":{"line":124,"column":21},"end":{"line":124,"column":27}},"55":{"start":{"line":126,"column":4},"end":{"line":126,"column":null}},"56":{"start":{"line":126,"column":25},"end":{"line":126,"column":null}},"57":{"start":{"line":128,"column":4},"end":{"line":128,"column":null}},"58":{"start":{"line":128,"column":26},"end":{"line":128,"column":null}},"59":{"start":{"line":130,"column":4},"end":{"line":130,"column":null}},"60":{"start":{"line":136,"column":20},"end":{"line":136,"column":57}},"61":{"start":{"line":138,"column":4},"end":{"line":138,"column":31}},"62":{"start":{"line":138,"column":25},"end":{"line":138,"column":31}},"63":{"start":{"line":140,"column":4},"end":{"line":140,"column":null}},"64":{"start":{"line":140,"column":33},"end":{"line":140,"column":null}},"65":{"start":{"line":142,"column":4},"end":{"line":142,"column":null}},"66":{"start":{"line":142,"column":29},"end":{"line":142,"column":null}},"67":{"start":{"line":144,"column":4},"end":{"line":144,"column":null}},"68":{"start":{"line":144,"column":30},"end":{"line":144,"column":null}},"69":{"start":{"line":146,"column":4},"end":{"line":146,"column":null}},"70":{"start":{"line":151,"column":20},"end":{"line":151,"column":28}},"71":{"start":{"line":153,"column":4},"end":{"line":153,"column":null}},"72":{"start":{"line":153,"column":33},"end":{"line":153,"column":null}},"73":{"start":{"line":155,"column":4},"end":{"line":155,"column":null}},"74":{"start":{"line":159,"column":18},"end":{"line":159,"column":40}},"75":{"start":{"line":160,"column":18},"end":{"line":160,"column":43}},"76":{"start":{"line":161,"column":4},"end":{"line":161,"column":67}},"77":{"start":{"line":161,"column":28},"end":{"line":161,"column":67}},"78":{"start":{"line":165,"column":23},"end":{"line":165,"column":48}},"79":{"start":{"line":166,"column":23},"end":{"line":166,"column":48}},"80":{"start":{"line":168,"column":4},"end":{"line":171,"column":6}},"81":{"start":{"line":180,"column":33},"end":{"line":188,"column":1}},"82":{"start":{"line":181,"column":4},"end":{"line":181,"column":45}},"83":{"start":{"line":181,"column":16},"end":{"line":181,"column":45}},"84":{"start":{"line":183,"column":4},"end":{"line":183,"column":64}},"85":{"start":{"line":183,"column":30},"end":{"line":183,"column":64}},"86":{"start":{"line":185,"column":4},"end":{"line":185,"column":69}},"87":{"start":{"line":185,"column":33},"end":{"line":185,"column":69}},"88":{"start":{"line":187,"column":4},"end":{"line":187,"column":21}},"89":{"start":{"line":180,"column":13},"end":{"line":180,"column":33}},"90":{"start":{"line":196,"column":38},"end":{"line":204,"column":1}},"91":{"start":{"line":197,"column":4},"end":{"line":197,"column":52}},"92":{"start":{"line":197,"column":16},"end":{"line":197,"column":52}},"93":{"start":{"line":199,"column":4},"end":{"line":199,"column":77}},"94":{"start":{"line":199,"column":36},"end":{"line":199,"column":77}},"95":{"start":{"line":201,"column":4},"end":{"line":201,"column":76}},"96":{"start":{"line":201,"column":33},"end":{"line":201,"column":76}},"97":{"start":{"line":203,"column":4},"end":{"line":203,"column":21}},"98":{"start":{"line":196,"column":13},"end":{"line":196,"column":38}},"99":{"start":{"line":206,"column":28},"end":{"line":225,"column":3}},"100":{"start":{"line":208,"column":4},"end":{"line":208,"column":null}},"101":{"start":{"line":208,"column":16},"end":{"line":208,"column":null}},"102":{"start":{"line":211,"column":22},"end":{"line":211,"column":37}},"103":{"start":{"line":214,"column":4},"end":{"line":216,"column":5}},"104":{"start":{"line":215,"column":6},"end":{"line":215,"column":31}},"105":{"start":{"line":219,"column":24},"end":{"line":219,"column":34}},"106":{"start":{"line":222,"column":4},"end":{"line":222,"column":null}},"107":{"start":{"line":222,"column":35},"end":{"line":222,"column":null}},"108":{"start":{"line":224,"column":4},"end":{"line":224,"column":null}},"109":{"start":{"line":206,"column":13},"end":{"line":206,"column":28}},"110":{"start":{"line":231,"column":24},"end":{"line":274,"column":1}},"111":{"start":{"line":235,"column":4},"end":{"line":237,"column":5}},"112":{"start":{"line":236,"column":8},"end":{"line":236,"column":null}},"113":{"start":{"line":239,"column":26},"end":{"line":239,"column":49}},"114":{"start":{"line":240,"column":30},"end":{"line":240,"column":57}},"115":{"start":{"line":247,"column":23},"end":{"line":247,"column":40}},"116":{"start":{"line":248,"column":4},"end":{"line":248,"column":null}},"117":{"start":{"line":250,"column":35},"end":{"line":250,"column":55}},"118":{"start":{"line":251,"column":39},"end":{"line":251,"column":60}},"119":{"start":{"line":253,"column":4},"end":{"line":255,"column":5}},"120":{"start":{"line":254,"column":8},"end":{"line":254,"column":null}},"121":{"start":{"line":262,"column":39},"end":{"line":262,"column":80}},"122":{"start":{"line":263,"column":39},"end":{"line":263,"column":100}},"123":{"start":{"line":265,"column":4},"end":{"line":267,"column":5}},"124":{"start":{"line":266,"column":8},"end":{"line":266,"column":null}},"125":{"start":{"line":269,"column":4},"end":{"line":271,"column":5}},"126":{"start":{"line":270,"column":8},"end":{"line":270,"column":null}},"127":{"start":{"line":273,"column":4},"end":{"line":273,"column":null}},"128":{"start":{"line":281,"column":28},"end":{"line":308,"column":1}},"129":{"start":{"line":282,"column":4},"end":{"line":285,"column":5}},"130":{"start":{"line":283,"column":7},"end":{"line":283,"column":49}},"131":{"start":{"line":284,"column":7},"end":{"line":284,"column":null}},"132":{"start":{"line":287,"column":4},"end":{"line":290,"column":5}},"133":{"start":{"line":288,"column":8},"end":{"line":288,"column":52}},"134":{"start":{"line":289,"column":8},"end":{"line":289,"column":null}},"135":{"start":{"line":292,"column":4},"end":{"line":295,"column":5}},"136":{"start":{"line":293,"column":8},"end":{"line":293,"column":60}},"137":{"start":{"line":294,"column":8},"end":{"line":294,"column":null}},"138":{"start":{"line":297,"column":4},"end":{"line":300,"column":5}},"139":{"start":{"line":298,"column":8},"end":{"line":298,"column":55}},"140":{"start":{"line":299,"column":8},"end":{"line":299,"column":null}},"141":{"start":{"line":302,"column":4},"end":{"line":305,"column":5}},"142":{"start":{"line":303,"column":8},"end":{"line":303,"column":57}},"143":{"start":{"line":304,"column":8},"end":{"line":304,"column":null}},"144":{"start":{"line":307,"column":4},"end":{"line":307,"column":null}},"145":{"start":{"line":315,"column":23},"end":{"line":337,"column":1}},"146":{"start":{"line":316,"column":4},"end":{"line":319,"column":5}},"147":{"start":{"line":317,"column":8},"end":{"line":317,"column":54}},"148":{"start":{"line":318,"column":8},"end":{"line":318,"column":21}},"149":{"start":{"line":321,"column":4},"end":{"line":324,"column":5}},"150":{"start":{"line":322,"column":8},"end":{"line":322,"column":53}},"151":{"start":{"line":323,"column":8},"end":{"line":323,"column":21}},"152":{"start":{"line":326,"column":4},"end":{"line":329,"column":5}},"153":{"start":{"line":327,"column":8},"end":{"line":327,"column":58}},"154":{"start":{"line":328,"column":8},"end":{"line":328,"column":21}},"155":{"start":{"line":331,"column":4},"end":{"line":334,"column":5}},"156":{"start":{"line":332,"column":8},"end":{"line":332,"column":55}},"157":{"start":{"line":333,"column":8},"end":{"line":333,"column":21}},"158":{"start":{"line":336,"column":4},"end":{"line":336,"column":16}}},"fnMap":{"0":{"name":"(anonymous_0)","decl":{"start":{"line":7,"column":28},"end":{"line":7,"column":29}},"loc":{"start":{"line":7,"column":81},"end":{"line":18,"column":1}}},"1":{"name":"(anonymous_1)","decl":{"start":{"line":21,"column":28},"end":{"line":21,"column":29}},"loc":{"start":{"line":21,"column":74},"end":{"line":29,"column":1}}},"2":{"name":"(anonymous_2)","decl":{"start":{"line":46,"column":37},"end":{"line":46,"column":38}},"loc":{"start":{"line":46,"column":79},"end":{"line":64,"column":1}}},"3":{"name":"(anonymous_3)","decl":{"start":{"line":48,"column":30},"end":{"line":48,"column":37}},"loc":{"start":{"line":48,"column":41},"end":{"line":48,"column":65}}},"4":{"name":"(anonymous_4)","decl":{"start":{"line":53,"column":60},"end":{"line":53,"column":67}},"loc":{"start":{"line":53,"column":72},"end":{"line":61,"column":6}}},"5":{"name":"calculateSimpleInterest","decl":{"start":{"line":67,"column":16},"end":{"line":67,"column":39}},"loc":{"start":{"line":70,"column":16},"end":{"line":77,"column":1}}},"6":{"name":"calculateCompoundInterest","decl":{"start":{"line":80,"column":16},"end":{"line":80,"column":41}},"loc":{"start":{"line":84,"column":36},"end":{"line":92,"column":1}}},"7":{"name":"formatDate","decl":{"start":{"line":98,"column":16},"end":{"line":98,"column":26}},"loc":{"start":{"line":98,"column":42},"end":{"line":119,"column":1}}},"8":{"name":"validateName","decl":{"start":{"line":121,"column":16},"end":{"line":121,"column":28}},"loc":{"start":{"line":121,"column":41},"end":{"line":131,"column":1}}},"9":{"name":"validateUsername","decl":{"start":{"line":134,"column":16},"end":{"line":134,"column":32}},"loc":{"start":{"line":134,"column":49},"end":{"line":147,"column":1}}},"10":{"name":"validatePassword","decl":{"start":{"line":149,"column":16},"end":{"line":149,"column":32}},"loc":{"start":{"line":149,"column":49},"end":{"line":156,"column":1}}},"11":{"name":"getCookie","decl":{"start":{"line":158,"column":9},"end":{"line":158,"column":18}},"loc":{"start":{"line":158,"column":31},"end":{"line":162,"column":1}}},"12":{"name":"getTokens","decl":{"start":{"line":164,"column":16},"end":{"line":164,"column":25}},"loc":{"start":{"line":164,"column":25},"end":{"line":172,"column":1}}},"13":{"name":"(anonymous_13)","decl":{"start":{"line":180,"column":33},"end":{"line":180,"column":34}},"loc":{"start":{"line":180,"column":51},"end":{"line":188,"column":1}}},"14":{"name":"(anonymous_14)","decl":{"start":{"line":196,"column":38},"end":{"line":196,"column":39}},"loc":{"start":{"line":196,"column":76},"end":{"line":204,"column":1}}},"15":{"name":"(anonymous_15)","decl":{"start":{"line":206,"column":28},"end":{"line":206,"column":29}},"loc":{"start":{"line":206,"column":66},"end":{"line":225,"column":3}}},"16":{"name":"(anonymous_16)","decl":{"start":{"line":231,"column":24},"end":{"line":231,"column":25}},"loc":{"start":{"line":231,"column":97},"end":{"line":274,"column":1}}},"17":{"name":"(anonymous_17)","decl":{"start":{"line":281,"column":28},"end":{"line":281,"column":29}},"loc":{"start":{"line":281,"column":62},"end":{"line":308,"column":1}}},"18":{"name":"(anonymous_18)","decl":{"start":{"line":315,"column":23},"end":{"line":315,"column":24}},"loc":{"start":{"line":315,"column":67},"end":{"line":337,"column":1}}}},"branchMap":{"0":{"loc":{"start":{"line":9,"column":4},"end":{"line":9,"column":null}},"type":"if","locations":[{"start":{"line":9,"column":4},"end":{"line":9,"column":null}}]},"1":{"loc":{"start":{"line":11,"column":4},"end":{"line":11,"column":null}},"type":"if","locations":[{"start":{"line":11,"column":4},"end":{"line":11,"column":null}}]},"2":{"loc":{"start":{"line":13,"column":4},"end":{"line":13,"column":null}},"type":"if","locations":[{"start":{"line":13,"column":4},"end":{"line":13,"column":null}}]},"3":{"loc":{"start":{"line":15,"column":4},"end":{"line":15,"column":null}},"type":"if","locations":[{"start":{"line":15,"column":4},"end":{"line":15,"column":null}}]},"4":{"loc":{"start":{"line":23,"column":4},"end":{"line":26,"column":5}},"type":"if","locations":[{"start":{"line":23,"column":4},"end":{"line":26,"column":5}}]},"5":{"loc":{"start":{"line":23,"column":8},"end":{"line":23,"column":43}},"type":"binary-expr","locations":[{"start":{"line":23,"column":8},"end":{"line":23,"column":13}},{"start":{"line":23,"column":17},"end":{"line":23,"column":43}}]},"6":{"loc":{"start":{"line":48,"column":4},"end":{"line":51,"column":5}},"type":"if","locations":[{"start":{"line":48,"column":4},"end":{"line":51,"column":5}}]},"7":{"loc":{"start":{"line":48,"column":8},"end":{"line":48,"column":66}},"type":"cond-expr","locations":[{"start":{"line":48,"column":23},"end":{"line":48,"column":25}},{"start":{"line":48,"column":23},"end":{"line":48,"column":66}}]},"8":{"loc":{"start":{"line":48,"column":8},"end":{"line":48,"column":25}},"type":"binary-expr","locations":[{"start":{"line":48,"column":8},"end":{"line":48,"column":25}},{"start":{"line":48,"column":23},"end":{"line":48,"column":25}}]},"9":{"loc":{"start":{"line":53,"column":33},"end":{"line":53,"column":54}},"type":"binary-expr","locations":[{"start":{"line":53,"column":33},"end":{"line":53,"column":48}},{"start":{"line":53,"column":52},"end":{"line":53,"column":54}}]},"10":{"loc":{"start":{"line":54,"column":14},"end":{"line":54,"column":30}},"type":"binary-expr","locations":[{"start":{"line":54,"column":14},"end":{"line":54,"column":24}},{"start":{"line":54,"column":28},"end":{"line":54,"column":30}}]},"11":{"loc":{"start":{"line":54,"column":14},"end":{"line":54,"column":24}},"type":"cond-expr","locations":[{"start":{"line":54,"column":18},"end":{"line":54,"column":20}},{"start":{"line":54,"column":14},"end":{"line":54,"column":24}}]},"12":{"loc":{"start":{"line":54,"column":14},"end":{"line":54,"column":20}},"type":"binary-expr","locations":[{"start":{"line":54,"column":14},"end":{"line":54,"column":20}},{"start":{"line":54,"column":14},"end":{"line":54,"column":20}}]},"13":{"loc":{"start":{"line":55,"column":12},"end":{"line":55,"column":28}},"type":"binary-expr","locations":[{"start":{"line":55,"column":12},"end":{"line":55,"column":23}},{"start":{"line":55,"column":27},"end":{"line":55,"column":28}}]},"14":{"loc":{"start":{"line":55,"column":12},"end":{"line":55,"column":23}},"type":"cond-expr","locations":[{"start":{"line":55,"column":19},"end":{"line":55,"column":21}},{"start":{"line":55,"column":12},"end":{"line":55,"column":23}}]},"15":{"loc":{"start":{"line":55,"column":12},"end":{"line":55,"column":21}},"type":"binary-expr","locations":[{"start":{"line":55,"column":12},"end":{"line":55,"column":21}},{"start":{"line":55,"column":12},"end":{"line":55,"column":21}}]},"16":{"loc":{"start":{"line":56,"column":19},"end":{"line":56,"column":39}},"type":"binary-expr","locations":[{"start":{"line":56,"column":19},"end":{"line":56,"column":34}},{"start":{"line":56,"column":38},"end":{"line":56,"column":39}}]},"17":{"loc":{"start":{"line":56,"column":19},"end":{"line":56,"column":34}},"type":"cond-expr","locations":[{"start":{"line":56,"column":23},"end":{"line":56,"column":25}},{"start":{"line":56,"column":19},"end":{"line":56,"column":34}}]},"18":{"loc":{"start":{"line":56,"column":19},"end":{"line":56,"column":25}},"type":"binary-expr","locations":[{"start":{"line":56,"column":19},"end":{"line":56,"column":25}},{"start":{"line":56,"column":19},"end":{"line":56,"column":25}}]},"19":{"loc":{"start":{"line":57,"column":22},"end":{"line":57,"column":45}},"type":"binary-expr","locations":[{"start":{"line":57,"column":22},"end":{"line":57,"column":40}},{"start":{"line":57,"column":44},"end":{"line":57,"column":45}}]},"20":{"loc":{"start":{"line":57,"column":22},"end":{"line":57,"column":40}},"type":"cond-expr","locations":[{"start":{"line":57,"column":26},"end":{"line":57,"column":28}},{"start":{"line":57,"column":22},"end":{"line":57,"column":40}}]},"21":{"loc":{"start":{"line":57,"column":22},"end":{"line":57,"column":28}},"type":"binary-expr","locations":[{"start":{"line":57,"column":22},"end":{"line":57,"column":28}},{"start":{"line":57,"column":22},"end":{"line":57,"column":28}}]},"22":{"loc":{"start":{"line":58,"column":26},"end":{"line":58,"column":45}},"type":"binary-expr","locations":[{"start":{"line":58,"column":26},"end":{"line":58,"column":39}},{"start":{"line":58,"column":43},"end":{"line":58,"column":45}}]},"23":{"loc":{"start":{"line":58,"column":26},"end":{"line":58,"column":39}},"type":"cond-expr","locations":[{"start":{"line":58,"column":30},"end":{"line":58,"column":32}},{"start":{"line":58,"column":26},"end":{"line":58,"column":39}}]},"24":{"loc":{"start":{"line":58,"column":26},"end":{"line":58,"column":32}},"type":"binary-expr","locations":[{"start":{"line":58,"column":26},"end":{"line":58,"column":32}},{"start":{"line":58,"column":26},"end":{"line":58,"column":32}}]},"25":{"loc":{"start":{"line":59,"column":30},"end":{"line":59,"column":56}},"type":"binary-expr","locations":[{"start":{"line":59,"column":30},"end":{"line":59,"column":50}},{"start":{"line":59,"column":54},"end":{"line":59,"column":56}}]},"26":{"loc":{"start":{"line":59,"column":30},"end":{"line":59,"column":50}},"type":"cond-expr","locations":[{"start":{"line":59,"column":37},"end":{"line":59,"column":39}},{"start":{"line":59,"column":30},"end":{"line":59,"column":50}}]},"27":{"loc":{"start":{"line":59,"column":30},"end":{"line":59,"column":39}},"type":"binary-expr","locations":[{"start":{"line":59,"column":30},"end":{"line":59,"column":39}},{"start":{"line":59,"column":30},"end":{"line":59,"column":39}}]},"28":{"loc":{"start":{"line":60,"column":32},"end":{"line":60,"column":50}},"type":"binary-expr","locations":[{"start":{"line":60,"column":32},"end":{"line":60,"column":44}},{"start":{"line":60,"column":48},"end":{"line":60,"column":50}}]},"29":{"loc":{"start":{"line":60,"column":52},"end":{"line":60,"column":78}},"type":"binary-expr","locations":[{"start":{"line":60,"column":52},"end":{"line":60,"column":72}},{"start":{"line":60,"column":76},"end":{"line":60,"column":78}}]},"30":{"loc":{"start":{"line":60,"column":52},"end":{"line":60,"column":72}},"type":"cond-expr","locations":[{"start":{"line":60,"column":59},"end":{"line":60,"column":61}},{"start":{"line":60,"column":52},"end":{"line":60,"column":72}}]},"31":{"loc":{"start":{"line":60,"column":52},"end":{"line":60,"column":61}},"type":"binary-expr","locations":[{"start":{"line":60,"column":52},"end":{"line":60,"column":61}},{"start":{"line":60,"column":52},"end":{"line":60,"column":61}}]},"32":{"loc":{"start":{"line":84,"column":4},"end":{"line":84,"column":36}},"type":"default-arg","locations":[{"start":{"line":84,"column":35},"end":{"line":84,"column":36}}]},"33":{"loc":{"start":{"line":100,"column":4},"end":{"line":104,"column":5}},"type":"if","locations":[{"start":{"line":100,"column":4},"end":{"line":104,"column":5}}]},"34":{"loc":{"start":{"line":108,"column":4},"end":{"line":112,"column":5}},"type":"if","locations":[{"start":{"line":108,"column":4},"end":{"line":112,"column":5}}]},"35":{"loc":{"start":{"line":123,"column":4},"end":{"line":123,"column":null}},"type":"if","locations":[{"start":{"line":123,"column":4},"end":{"line":123,"column":null}}]},"36":{"loc":{"start":{"line":124,"column":4},"end":{"line":124,"column":27}},"type":"if","locations":[{"start":{"line":124,"column":4},"end":{"line":124,"column":27}}]},"37":{"loc":{"start":{"line":126,"column":4},"end":{"line":126,"column":null}},"type":"if","locations":[{"start":{"line":126,"column":4},"end":{"line":126,"column":null}}]},"38":{"loc":{"start":{"line":128,"column":4},"end":{"line":128,"column":null}},"type":"if","locations":[{"start":{"line":128,"column":4},"end":{"line":128,"column":null}}]},"39":{"loc":{"start":{"line":138,"column":4},"end":{"line":138,"column":31}},"type":"if","locations":[{"start":{"line":138,"column":4},"end":{"line":138,"column":31}}]},"40":{"loc":{"start":{"line":140,"column":4},"end":{"line":140,"column":null}},"type":"if","locations":[{"start":{"line":140,"column":4},"end":{"line":140,"column":null}}]},"41":{"loc":{"start":{"line":142,"column":4},"end":{"line":142,"column":null}},"type":"if","locations":[{"start":{"line":142,"column":4},"end":{"line":142,"column":null}}]},"42":{"loc":{"start":{"line":144,"column":4},"end":{"line":144,"column":null}},"type":"if","locations":[{"start":{"line":144,"column":4},"end":{"line":144,"column":null}}]},"43":{"loc":{"start":{"line":153,"column":4},"end":{"line":153,"column":null}},"type":"if","locations":[{"start":{"line":153,"column":4},"end":{"line":153,"column":null}}]},"44":{"loc":{"start":{"line":161,"column":4},"end":{"line":161,"column":67}},"type":"if","locations":[{"start":{"line":161,"column":4},"end":{"line":161,"column":67}}]},"45":{"loc":{"start":{"line":181,"column":4},"end":{"line":181,"column":45}},"type":"if","locations":[{"start":{"line":181,"column":4},"end":{"line":181,"column":45}}]},"46":{"loc":{"start":{"line":183,"column":4},"end":{"line":183,"column":64}},"type":"if","locations":[{"start":{"line":183,"column":4},"end":{"line":183,"column":64}}]},"47":{"loc":{"start":{"line":185,"column":4},"end":{"line":185,"column":69}},"type":"if","locations":[{"start":{"line":185,"column":4},"end":{"line":185,"column":69}}]},"48":{"loc":{"start":{"line":197,"column":4},"end":{"line":197,"column":52}},"type":"if","locations":[{"start":{"line":197,"column":4},"end":{"line":197,"column":52}}]},"49":{"loc":{"start":{"line":199,"column":4},"end":{"line":199,"column":77}},"type":"if","locations":[{"start":{"line":199,"column":4},"end":{"line":199,"column":77}}]},"50":{"loc":{"start":{"line":201,"column":4},"end":{"line":201,"column":76}},"type":"if","locations":[{"start":{"line":201,"column":4},"end":{"line":201,"column":76}}]},"51":{"loc":{"start":{"line":208,"column":4},"end":{"line":208,"column":null}},"type":"if","locations":[{"start":{"line":208,"column":4},"end":{"line":208,"column":null}}]},"52":{"loc":{"start":{"line":214,"column":4},"end":{"line":216,"column":5}},"type":"if","locations":[{"start":{"line":214,"column":4},"end":{"line":216,"column":5}}]},"53":{"loc":{"start":{"line":222,"column":4},"end":{"line":222,"column":null}},"type":"if","locations":[{"start":{"line":222,"column":4},"end":{"line":222,"column":null}}]},"54":{"loc":{"start":{"line":235,"column":4},"end":{"line":237,"column":5}},"type":"if","locations":[{"start":{"line":235,"column":4},"end":{"line":237,"column":5}}]},"55":{"loc":{"start":{"line":235,"column":8},"end":{"line":235,"column":78}},"type":"binary-expr","locations":[{"start":{"line":235,"column":8},"end":{"line":235,"column":39}},{"start":{"line":235,"column":43},"end":{"line":235,"column":78}}]},"56":{"loc":{"start":{"line":253,"column":4},"end":{"line":255,"column":5}},"type":"if","locations":[{"start":{"line":253,"column":4},"end":{"line":255,"column":5}}]},"57":{"loc":{"start":{"line":265,"column":4},"end":{"line":267,"column":5}},"type":"if","locations":[{"start":{"line":265,"column":4},"end":{"line":267,"column":5}}]},"58":{"loc":{"start":{"line":265,"column":8},"end":{"line":265,"column":79}},"type":"binary-expr","locations":[{"start":{"line":265,"column":8},"end":{"line":265,"column":40}},{"start":{"line":265,"column":45},"end":{"line":265,"column":79}}]},"59":{"loc":{"start":{"line":269,"column":4},"end":{"line":271,"column":5}},"type":"if","locations":[{"start":{"line":269,"column":4},"end":{"line":271,"column":5}}]},"60":{"loc":{"start":{"line":282,"column":4},"end":{"line":285,"column":5}},"type":"if","locations":[{"start":{"line":282,"column":4},"end":{"line":285,"column":5}}]},"61":{"loc":{"start":{"line":287,"column":4},"end":{"line":290,"column":5}},"type":"if","locations":[{"start":{"line":287,"column":4},"end":{"line":290,"column":5}}]},"62":{"loc":{"start":{"line":292,"column":4},"end":{"line":295,"column":5}},"type":"if","locations":[{"start":{"line":292,"column":4},"end":{"line":295,"column":5}}]},"63":{"loc":{"start":{"line":297,"column":4},"end":{"line":300,"column":5}},"type":"if","locations":[{"start":{"line":297,"column":4},"end":{"line":300,"column":5}}]},"64":{"loc":{"start":{"line":302,"column":4},"end":{"line":305,"column":5}},"type":"if","locations":[{"start":{"line":302,"column":4},"end":{"line":305,"column":5}}]},"65":{"loc":{"start":{"line":316,"column":4},"end":{"line":319,"column":5}},"type":"if","locations":[{"start":{"line":316,"column":4},"end":{"line":319,"column":5}}]},"66":{"loc":{"start":{"line":316,"column":8},"end":{"line":316,"column":49}},"type":"binary-expr","locations":[{"start":{"line":316,"column":8},"end":{"line":316,"column":29}},{"start":{"line":316,"column":33},"end":{"line":316,"column":49}}]},"67":{"loc":{"start":{"line":321,"column":4},"end":{"line":324,"column":5}},"type":"if","locations":[{"start":{"line":321,"column":4},"end":{"line":324,"column":5}}]},"68":{"loc":{"start":{"line":326,"column":4},"end":{"line":329,"column":5}},"type":"if","locations":[{"start":{"line":326,"column":4},"end":{"line":329,"column":5}}]},"69":{"loc":{"start":{"line":331,"column":4},"end":{"line":334,"column":5}},"type":"if","locations":[{"start":{"line":331,"column":4},"end":{"line":334,"column":5}}]}},"s":{"0":1,"1":1,"2":1,"3":1,"4":1,"5":1,"6":1,"7":1,"8":1,"9":5,"10":1,"11":4,"12":1,"13":3,"14":1,"15":2,"16":1,"17":1,"18":1,"19":1,"20":2,"21":1,"22":1,"23":1,"24":1,"25":1,"26":3,"27":2,"28":1,"29":1,"30":2,"31":1,"32":2,"33":1,"34":4,"35":4,"36":4,"37":4,"38":4,"39":4,"40":3,"41":1,"42":1,"43":2,"44":2,"45":1,"46":1,"47":1,"48":1,"49":1,"50":1,"51":3,"52":0,"53":3,"54":0,"55":3,"56":1,"57":2,"58":1,"59":1,"60":4,"61":4,"62":0,"63":4,"64":1,"65":3,"66":1,"67":2,"68":1,"69":1,"70":2,"71":2,"72":1,"73":1,"74":0,"75":0,"76":0,"77":0,"78":0,"79":0,"80":0,"81":1,"82":4,"83":1,"84":3,"85":2,"86":1,"87":0,"88":1,"89":1,"90":1,"91":4,"92":1,"93":3,"94":2,"95":1,"96":0,"97":1,"98":1,"99":1,"100":3,"101":0,"102":3,"103":3,"104":1,"105":2,"106":2,"107":1,"108":1,"109":1,"110":1,"111":1,"112":0,"113":1,"114":1,"115":1,"116":1,"117":1,"118":1,"119":1,"120":1,"121":0,"122":0,"123":0,"124":0,"125":0,"126":0,"127":0,"128":1,"129":2,"130":1,"131":1,"132":1,"133":0,"134":0,"135":1,"136":0,"137":0,"138":1,"139":0,"140":0,"141":1,"142":0,"143":0,"144":1,"145":1,"146":2,"147":0,"148":0,"149":2,"150":0,"151":0,"152":2,"153":1,"154":1,"155":1,"156":0,"157":0,"158":1},"f":{"0":5,"1":2,"2":3,"3":2,"4":1,"5":4,"6":4,"7":3,"8":3,"9":4,"10":2,"11":0,"12":0,"13":4,"14":4,"15":3,"16":1,"17":2,"18":2},"b":{"0":[1],"1":[1],"2":[1],"3":[1],"4":[1],"5":[2,2],"6":[1],"7":[1,2],"8":[3,3],"9":[2,1],"10":[1,0],"11":[0,1],"12":[1,1],"13":[1,0],"14":[0,1],"15":[1,1],"16":[1,0],"17":[0,1],"18":[1,1],"19":[1,0],"20":[0,1],"21":[1,1],"22":[1,0],"23":[0,1],"24":[1,1],"25":[1,0],"26":[0,1],"27":[1,1],"28":[1,0],"29":[1,0],"30":[0,1],"31":[1,1],"32":[4],"33":[1],"34":[1],"35":[0],"36":[0],"37":[1],"38":[1],"39":[0],"40":[1],"41":[1],"42":[1],"43":[1],"44":[0],"45":[1],"46":[2],"47":[0],"48":[1],"49":[2],"50":[0],"51":[0],"52":[1],"53":[1],"54":[0],"55":[1,1],"56":[1],"57":[0],"58":[0,0],"59":[0],"60":[1],"61":[0],"62":[0],"63":[0],"64":[0],"65":[0],"66":[2,2],"67":[0],"68":[1],"69":[0]}}
}
