TN:
SF:src/util/constants.ts
FN:6,(anonymous_0)
FN:13,(anonymous_1)
FNF:2
FNH:2
FNDA:1,(anonymous_0)
FNDA:1,(anonymous_1)
DA:1,1
DA:4,1
DA:6,1
DA:7,1
DA:8,1
DA:9,1
DA:10,1
DA:13,1
DA:14,1
DA:15,1
DA:16,1
DA:17,1
LF:12
LH:12
BRDA:6,0,0,1
BRDA:6,0,1,1
BRDA:13,1,0,1
BRDA:13,1,1,1
BRF:4
BRH:4
end_of_record
TN:
SF:src/util/helpers.ts
FN:5,(anonymous_0)
FN:18,(anonymous_1)
FN:28,(anonymous_2)
FN:30,(anonymous_3)
FN:35,(anonymous_4)
FN:48,calculateSimpleInterest
FN:60,calculateCompoundInterest
FN:74,formatDate
FN:97,(anonymous_8)
FN:107,(anonymous_9)
FN:115,(anonymous_10)
FN:149,(anonymous_11)
FN:183,(anonymous_12)
FNF:13
FNH:13
FNDA:5,(anonymous_0)
FNDA:3,(anonymous_1)
FNDA:7,(anonymous_2)
FNDA:6,(anonymous_3)
FNDA:5,(anonymous_4)
FNDA:4,calculateSimpleInterest
FNDA:5,calculateCompoundInterest
FNDA:4,formatDate
FNDA:6,(anonymous_8)
FNDA:7,(anonymous_9)
FNDA:5,(anonymous_10)
FNDA:2,(anonymous_11)
FNDA:6,(anonymous_12)
DA:2,1
DA:5,1
DA:7,5
DA:9,4
DA:11,3
DA:13,2
DA:15,1
DA:18,1
DA:20,3
DA:21,2
DA:22,2
DA:25,1
DA:28,1
DA:30,7
DA:31,1
DA:32,1
DA:35,6
DA:45,6
DA:48,1
DA:53,4
DA:55,4
DA:57,4
DA:60,1
DA:66,5
DA:69,5
DA:71,5
DA:74,1
DA:76,4
DA:77,1
DA:79,1
DA:82,3
DA:84,3
DA:85,1
DA:87,1
DA:90,2
DA:91,2
DA:92,2
DA:94,2
DA:97,1
DA:98,6
DA:100,5
DA:102,2
DA:104,2
DA:107,1
DA:108,7
DA:110,4
DA:112,4
DA:115,1
DA:117,5
DA:118,0
DA:121,5
DA:122,5
DA:124,5
DA:125,5
DA:127,5
DA:128,5
DA:130,5
DA:131,3
DA:134,2
DA:136,2
DA:138,2
DA:139,1
DA:142,1
DA:143,1
DA:146,0
DA:149,1
DA:150,2
DA:151,1
DA:152,1
DA:155,1
DA:156,0
DA:157,0
DA:160,1
DA:161,0
DA:162,0
DA:165,1
DA:166,0
DA:167,0
DA:170,1
DA:171,0
DA:172,0
DA:175,1
DA:176,0
DA:177,0
DA:180,1
DA:183,1
DA:184,6
DA:185,0
DA:186,0
DA:189,6
DA:190,1
DA:191,1
DA:194,5
DA:195,0
DA:196,0
DA:199,5
LF:96
LH:80
BRDA:7,0,0,1
BRDA:9,1,0,1
BRDA:11,2,0,1
BRDA:13,3,0,1
BRDA:20,4,0,2
BRDA:20,5,0,3
BRDA:20,5,1,2
BRDA:30,6,0,1
BRDA:30,7,0,0
BRDA:30,7,1,7
BRDA:30,8,0,7
BRDA:30,8,1,7
BRDA:35,9,0,6
BRDA:35,9,1,0
BRDA:36,10,0,5
BRDA:36,10,1,0
BRDA:36,11,0,0
BRDA:36,11,1,5
BRDA:36,12,0,5
BRDA:36,12,1,5
BRDA:37,13,0,5
BRDA:37,13,1,0
BRDA:37,14,0,0
BRDA:37,14,1,5
BRDA:37,15,0,5
BRDA:37,15,1,5
BRDA:38,16,0,5
BRDA:38,16,1,0
BRDA:38,17,0,0
BRDA:38,17,1,5
BRDA:38,18,0,5
BRDA:38,18,1,5
BRDA:39,19,0,5
BRDA:39,19,1,0
BRDA:39,20,0,0
BRDA:39,20,1,5
BRDA:39,21,0,5
BRDA:39,21,1,5
BRDA:40,22,0,5
BRDA:40,22,1,0
BRDA:40,23,0,0
BRDA:40,23,1,5
BRDA:40,24,0,5
BRDA:40,24,1,5
BRDA:41,25,0,5
BRDA:41,25,1,0
BRDA:41,26,0,0
BRDA:41,26,1,5
BRDA:41,27,0,5
BRDA:41,27,1,5
BRDA:42,28,0,5
BRDA:42,28,1,0
BRDA:42,29,0,5
BRDA:42,29,1,0
BRDA:42,30,0,0
BRDA:42,30,1,5
BRDA:42,31,0,5
BRDA:42,31,1,5
BRDA:64,32,0,3
BRDA:76,33,0,1
BRDA:84,34,0,1
BRDA:98,35,0,1
BRDA:100,36,0,3
BRDA:102,37,0,0
BRDA:108,38,0,3
BRDA:110,39,0,0
BRDA:117,40,0,0
BRDA:117,41,0,5
BRDA:117,41,1,5
BRDA:130,42,0,3
BRDA:138,43,0,1
BRDA:138,44,0,2
BRDA:138,44,1,2
BRDA:142,45,0,1
BRDA:150,46,0,1
BRDA:155,47,0,0
BRDA:160,48,0,0
BRDA:165,49,0,0
BRDA:170,50,0,0
BRDA:175,51,0,0
BRDA:184,52,0,0
BRDA:184,53,0,6
BRDA:184,53,1,6
BRDA:189,54,0,1
BRDA:194,55,0,0
BRF:85
BRH:58
end_of_record
