TN:
SF:src/util/constants.ts
FN:16,(anonymous_0)
FN:23,(anonymous_1)
FNF:2
FNH:2
FNDA:1,(anonymous_0)
FNDA:1,(anonymous_1)
DA:5,1
DA:7,1
DA:9,1
DA:16,1
DA:17,1
DA:18,1
DA:19,1
DA:20,1
DA:23,1
DA:24,1
DA:25,1
DA:26,1
DA:27,1
LF:13
LH:13
BRDA:16,0,0,1
BRDA:16,0,1,1
BRDA:23,1,0,1
BRDA:23,1,1,1
BRF:4
BRH:4
end_of_record
TN:
SF:src/util/helpers.ts
FN:7,(anonymous_0)
FN:21,(anonymous_1)
FN:46,(anonymous_2)
FN:48,(anonymous_3)
FN:53,(anonymous_4)
FN:67,calculateSimpleInterest
FN:80,calculateCompoundInterest
FN:98,formatDate
FN:121,validateName
FN:134,validateUsername
FN:149,validatePassword
FN:158,getCookie
FN:164,getTokens
FN:180,(anonymous_13)
FN:196,(anonymous_14)
FN:206,(anonymous_15)
FN:231,(anonymous_16)
FN:281,(anonymous_17)
FN:315,(anonymous_18)
FNF:19
FNH:17
FNDA:5,(anonymous_0)
FNDA:2,(anonymous_1)
FNDA:3,(anonymous_2)
FNDA:2,(anonymous_3)
FNDA:1,(anonymous_4)
FNDA:4,calculateSimpleInterest
FNDA:4,calculateCompoundInterest
FNDA:3,formatDate
FNDA:3,validateName
FNDA:4,validateUsername
FNDA:2,validatePassword
FNDA:0,getCookie
FNDA:0,getTokens
FNDA:4,(anonymous_13)
FNDA:4,(anonymous_14)
FNDA:3,(anonymous_15)
FNDA:1,(anonymous_16)
FNDA:2,(anonymous_17)
FNDA:2,(anonymous_18)
DA:2,1
DA:7,1
DA:9,5
DA:11,4
DA:13,3
DA:15,2
DA:17,1
DA:21,1
DA:23,2
DA:24,1
DA:25,1
DA:28,1
DA:46,1
DA:48,3
DA:49,1
DA:50,1
DA:53,2
DA:63,2
DA:67,1
DA:72,4
DA:74,4
DA:76,4
DA:80,1
DA:86,4
DA:89,4
DA:91,4
DA:98,1
DA:100,3
DA:101,1
DA:103,1
DA:106,2
DA:108,2
DA:109,1
DA:111,1
DA:114,1
DA:115,1
DA:116,1
DA:118,1
DA:121,1
DA:123,3
DA:124,3
DA:126,3
DA:128,2
DA:130,1
DA:134,1
DA:136,4
DA:138,4
DA:140,4
DA:142,3
DA:144,2
DA:146,1
DA:149,1
DA:151,2
DA:153,2
DA:155,1
DA:159,0
DA:160,0
DA:161,0
DA:164,1
DA:165,0
DA:166,0
DA:168,0
DA:180,1
DA:181,4
DA:183,3
DA:185,1
DA:187,1
DA:196,1
DA:197,4
DA:199,3
DA:201,1
DA:203,1
DA:206,1
DA:208,3
DA:211,3
DA:214,3
DA:215,1
DA:219,2
DA:222,2
DA:224,1
DA:231,1
DA:235,1
DA:236,0
DA:239,1
DA:240,1
DA:247,1
DA:248,1
DA:250,1
DA:251,1
DA:253,1
DA:254,1
DA:262,0
DA:263,0
DA:265,0
DA:266,0
DA:269,0
DA:270,0
DA:273,0
DA:281,1
DA:282,2
DA:283,1
DA:284,1
DA:287,1
DA:288,0
DA:289,0
DA:292,1
DA:293,0
DA:294,0
DA:297,1
DA:298,0
DA:299,0
DA:302,1
DA:303,0
DA:304,0
DA:307,1
DA:315,1
DA:316,2
DA:317,0
DA:318,0
DA:321,2
DA:322,0
DA:323,0
DA:326,2
DA:327,1
DA:328,1
DA:331,1
DA:332,0
DA:333,0
DA:336,1
LF:129
LH:101
BRDA:9,0,0,1
BRDA:11,1,0,1
BRDA:13,2,0,1
BRDA:15,3,0,1
BRDA:23,4,0,1
BRDA:23,5,0,2
BRDA:23,5,1,2
BRDA:48,6,0,1
BRDA:48,7,0,1
BRDA:48,7,1,2
BRDA:48,8,0,3
BRDA:48,8,1,3
BRDA:53,9,0,2
BRDA:53,9,1,1
BRDA:54,10,0,1
BRDA:54,10,1,0
BRDA:54,11,0,0
BRDA:54,11,1,1
BRDA:54,12,0,1
BRDA:54,12,1,1
BRDA:55,13,0,1
BRDA:55,13,1,0
BRDA:55,14,0,0
BRDA:55,14,1,1
BRDA:55,15,0,1
BRDA:55,15,1,1
BRDA:56,16,0,1
BRDA:56,16,1,0
BRDA:56,17,0,0
BRDA:56,17,1,1
BRDA:56,18,0,1
BRDA:56,18,1,1
BRDA:57,19,0,1
BRDA:57,19,1,0
BRDA:57,20,0,0
BRDA:57,20,1,1
BRDA:57,21,0,1
BRDA:57,21,1,1
BRDA:58,22,0,1
BRDA:58,22,1,0
BRDA:58,23,0,0
BRDA:58,23,1,1
BRDA:58,24,0,1
BRDA:58,24,1,1
BRDA:59,25,0,1
BRDA:59,25,1,0
BRDA:59,26,0,0
BRDA:59,26,1,1
BRDA:59,27,0,1
BRDA:59,27,1,1
BRDA:60,28,0,1
BRDA:60,28,1,0
BRDA:60,29,0,1
BRDA:60,29,1,0
BRDA:60,30,0,0
BRDA:60,30,1,1
BRDA:60,31,0,1
BRDA:60,31,1,1
BRDA:84,32,0,4
BRDA:100,33,0,1
BRDA:108,34,0,1
BRDA:123,35,0,0
BRDA:124,36,0,0
BRDA:126,37,0,1
BRDA:128,38,0,1
BRDA:138,39,0,0
BRDA:140,40,0,1
BRDA:142,41,0,1
BRDA:144,42,0,1
BRDA:153,43,0,1
BRDA:161,44,0,0
BRDA:181,45,0,1
BRDA:183,46,0,2
BRDA:185,47,0,0
BRDA:197,48,0,1
BRDA:199,49,0,2
BRDA:201,50,0,0
BRDA:208,51,0,0
BRDA:214,52,0,1
BRDA:222,53,0,1
BRDA:235,54,0,0
BRDA:235,55,0,1
BRDA:235,55,1,1
BRDA:253,56,0,1
BRDA:265,57,0,0
BRDA:265,58,0,0
BRDA:265,58,1,0
BRDA:269,59,0,0
BRDA:282,60,0,1
BRDA:287,61,0,0
BRDA:292,62,0,0
BRDA:297,63,0,0
BRDA:302,64,0,0
BRDA:316,65,0,0
BRDA:316,66,0,2
BRDA:316,66,1,2
BRDA:321,67,0,0
BRDA:326,68,0,1
BRDA:331,69,0,0
BRF:99
BRH:65
end_of_record
